<?xml version="1.0" encoding="utf-8"?><testsuites><testsuite name="pytest" errors="0" failures="0" skipped="0" tests="21" time="4.266" timestamp="2026-09-24T11:45:06.855572+00:00" hostname="vm"><testcase classname="tests.integration.test_integracao_estoque_pedidos.TestComunicacaoEntreServicos" name="test_pedidos_reconhece_estoque_online" time="0.536" /><testcase classname="tests.integration.test_integracao_estoque_pedidos.TestComunicacaoEntreServicos" name="test_catalogo_do_pedidos_reflete_produtos_do_estoque" time="0.010" /><testcase classname="tests.integration.test_integracao_estoque_pedidos.TestCriacaoDePedido" name="test_pedido_confirmado_baixa_saldo_no_estoque" time="0.016" /><testcase classname="tests.integration.test_integracao_estoque_pedidos.TestCriacaoDePedido" name="test_preco_do_pedido_vem_do_estoque" time="0.009" /><testcase classname="tests.integration.test_integracao_estoque_pedidos.TestCriacaoDePedido" name="test_desconto_progressivo_com_precos_reais_do_estoque[499.99-1-0-499.99]" time="0.008" /><testcase classname="tests.integration.test_integracao_estoque_pedidos.TestCriacaoDePedido" name="test_desconto_progressivo_com_precos_reais_do_estoque[250.00-2-5-475.00]" time="0.008" /><testcase classname="tests.integration.test_integracao_estoque_pedidos.TestCriacaoDePedido" name="test_desconto_progressivo_com_precos_reais_do_estoque[1000.00-1-10-900.00]" time="0.008" /><testcase classname="tests.integration.test_integracao_estoque_pedidos.TestCriacaoDePedido" name="test_estoque_insuficiente_recusa_pedido_sem_baixa_parcial" time="0.014" /><testcase classname="tests.integration.test_integracao_estoque_pedidos.TestCriacaoDePedido" name="test_produto_inexistente_retorna_422_sem_alterar_estoque" time="0.009" /><testcase classname="tests.integration.test_integracao_estoque_pedidos.TestCriacaoDePedido" name="test_pedido_invalido_nao_altera_estoque" time="0.007" /><testcase classname="tests.integration.test_integracao_estoque_pedidos.TestCriacaoDePedido" name="test_entrada_no_estoque_libera_pedido_antes_recusado" time="0.015" /><testcase classname="tests.integration.test_integracao_estoque_pedidos.TestCriacaoDePedido" name="test_pedido_que_atinge_minimo_gera_alerta_de_reposicao" time="0.011" /><testcase classname="tests.integration.test_integracao_estoque_pedidos.TestCancelamento" name="test_cancelamento_devolve_itens_ao_estoque" time="0.015" /><testcase classname="tests.integration.test_integracao_estoque_pedidos.TestCancelamento" name="test_cancelamento_duplicado_nao_devolve_em_dobro" time="0.014" /><testcase classname="tests.integration.test_integracao_estoque_pedidos.TestConcorrencia" name="test_pedidos_simultaneos_nao_vendem_alem_do_saldo" time="0.095" /><testcase classname="tests.integration.test_integracao_estoque_pedidos.TestConcorrencia" name="test_cancelamentos_simultaneos_devolvem_uma_unica_vez" time="0.031" /><testcase classname="tests.integration.test_integracao_estoque_pedidos.TestFalhasDeComunicacao" name="test_estoque_fora_do_ar_retorna_503" time="0.333" /><testcase classname="tests.integration.test_integracao_estoque_pedidos.TestFalhasDeComunicacao" name="test_estoque_que_nao_responde_gera_timeout_e_503" time="1.326" /><testcase classname="tests.integration.test_integracao_estoque_pedidos.TestFalhasDeComunicacao" name="test_queda_do_estoque_mantem_pedido_confirmado" time="0.642" /><testcase classname="tests.integration.test_integracao_estoque_pedidos.TestInterfaceDeLinhaDeComando" name="test_fluxo_completo_pelas_duas_clis" time="0.811" /><testcase classname="tests.integration.test_integracao_estoque_pedidos.TestInterfaceDeLinhaDeComando" name="test_cli_de_pedidos_mostra_recusa_do_estoque" time="0.287" /></testsuite></testsuites>