<?xml version="1.0" encoding="utf-8"?><testsuites><testsuite name="pytest" errors="0" failures="0" skipped="0" tests="256" time="2.065" timestamp="2026-09-24T11:45:04.323721+00:00" hostname="vm"><testcase classname="tests.unit.estoque.test_api.TestSaude" name="test_health_informa_servico_ativo" time="0.019" /><testcase classname="tests.unit.estoque.test_api.TestProdutosApi" name="test_post_produto_valido_retorna_201_com_produto" time="0.010" /><testcase classname="tests.unit.estoque.test_api.TestProdutosApi" name="test_post_produto_invalido_retorna_400_padronizado" time="0.009" /><testcase classname="tests.unit.estoque.test_api.TestProdutosApi" name="test_post_produto_duplicado_retorna_409" time="0.011" /><testcase classname="tests.unit.estoque.test_api.TestProdutosApi" name="test_corpo_que_nao_e_objeto_json_retorna_400[nao e json-text/plain]" time="0.012" /><testcase classname="tests.unit.estoque.test_api.TestProdutosApi" name="test_corpo_que_nao_e_objeto_json_retorna_400[[1, 2]-application/json]" time="0.009" /><testcase classname="tests.unit.estoque.test_api.TestProdutosApi" name="test_get_lista_e_consulta_por_sku" time="0.009" /><testcase classname="tests.unit.estoque.test_api.TestProdutosApi" name="test_get_produto_inexistente_retorna_404" time="0.008" /><testcase classname="tests.unit.estoque.test_api.TestProdutosApi" name="test_post_entrada_atualiza_saldo" time="0.009" /><testcase classname="tests.unit.estoque.test_api.TestProdutosApi" name="test_post_entrada_com_quantidade_zero_retorna_400" time="0.009" /><testcase classname="tests.unit.estoque.test_api.TestProdutosApi" name="test_get_reposicao_lista_produtos_no_minimo" time="0.011" /><testcase classname="tests.unit.estoque.test_api.TestBaixaEDevolucaoApi" name="test_post_baixa_retorna_itens_com_preco" time="0.009" /><testcase classname="tests.unit.estoque.test_api.TestBaixaEDevolucaoApi" name="test_post_baixa_sem_saldo_retorna_409_com_detalhes" time="0.009" /><testcase classname="tests.unit.estoque.test_api.TestBaixaEDevolucaoApi" name="test_post_baixa_de_produto_inexistente_retorna_404" time="0.009" /><testcase classname="tests.unit.estoque.test_api.TestBaixaEDevolucaoApi" name="test_post_devolucao_retorna_produtos_atualizados" time="0.011" /><testcase classname="tests.unit.estoque.test_api.TestErrosGenericos" name="test_rota_inexistente_retorna_404_em_json" time="0.009" /><testcase classname="tests.unit.estoque.test_api.TestErrosGenericos" name="test_metodo_nao_permitido_retorna_405_em_json" time="0.009" /><testcase classname="tests.unit.estoque.test_api.TestErrosGenericos" name="test_erro_de_negocio_nao_mapeado_retorna_400" time="0.008" /><testcase classname="tests.unit.estoque.test_api.TestInicializacao" name="test_main_usa_host_e_porta_das_variaveis_de_ambiente" time="0.007" /><testcase classname="tests.unit.estoque.test_api.TestInicializacao" name="test_execucao_como_modulo_usa_porta_padrao_5001" time="0.007" /><testcase classname="tests.unit.estoque.test_cli.TestMenu" name="test_cadastrar_e_listar_produto" time="0.009" /><testcase classname="tests.unit.estoque.test_cli.TestMenu" name="test_erro_da_api_e_exibido_ao_usuario" time="0.008" /><testcase classname="tests.unit.estoque.test_cli.TestMenu" name="test_quantidade_nao_numerica_nao_chama_a_api" time="0.006" /><testcase classname="tests.unit.estoque.test_cli.TestMenu" name="test_registrar_entrada" time="0.009" /><testcase classname="tests.unit.estoque.test_cli.TestMenu" name="test_registrar_entrada_invalida[TEC-001-x-ERRO: informe um n\xfamero inteiro.]" time="0.008" /><testcase classname="tests.unit.estoque.test_cli.TestMenu" name="test_registrar_entrada_invalida[NAO-EXISTE-1-ERRO (HTTP 404): Produto 'NAO-EXISTE' n\xe3o encontrado.]" time="0.011" /><testcase classname="tests.unit.estoque.test_cli.TestMenu" name="test_reposicao_lista_produtos_no_minimo" time="0.010" /><testcase classname="tests.unit.estoque.test_cli.TestMenu" name="test_opcao_invalida_e_fim_de_entrada" time="0.007" /><testcase classname="tests.unit.estoque.test_cli.TestMenu" name="test_servidor_fora_do_ar" time="0.002" /><testcase classname="tests.unit.estoque.test_cli.TestFormatacaoEInicializacao" name="test_moeda_no_formato_brasileiro[0.5-R$ 0,50]" time="0.001" /><testcase classname="tests.unit.estoque.test_cli.TestFormatacaoEInicializacao" name="test_moeda_no_formato_brasileiro[250.00-R$ 250,00]" time="0.001" /><testcase classname="tests.unit.estoque.test_cli.TestFormatacaoEInicializacao" name="test_moeda_no_formato_brasileiro[1234567.5-R$ 1.234.567,50]" time="0.001" /><testcase classname="tests.unit.estoque.test_cli.TestFormatacaoEInicializacao" name="test_execucao_como_modulo_usa_url_do_ambiente" time="0.002" /><testcase classname="tests.unit.estoque.test_dominio.TestValidarSku" name="test_normaliza_para_maiusculas_e_remove_espacos" time="0.001" /><testcase classname="tests.unit.estoque.test_dominio.TestValidarSku" name="test_aceita_skus_nos_limites_validos[ABC]" time="0.001" /><testcase classname="tests.unit.estoque.test_dominio.TestValidarSku" name="test_aceita_skus_nos_limites_validos[AAAAAAAAAAAAAAAAAAAA]" time="0.001" /><testcase classname="tests.unit.estoque.test_dominio.TestValidarSku" name="test_aceita_skus_nos_limites_validos[1-2]" time="0.001" /><testcase classname="tests.unit.estoque.test_dominio.TestValidarSku" name="test_aceita_skus_nos_limites_validos[X9-Y8-Z7]" time="0.001" /><testcase classname="tests.unit.estoque.test_dominio.TestValidarSku" name="test_rejeita_skus_fora_do_padrao[AB]" time="0.001" /><testcase classname="tests.unit.estoque.test_dominio.TestValidarSku" name="test_rejeita_skus_fora_do_padrao[AAAAAAAAAAAAAAAAAAAAA]" time="0.001" /><testcase classname="tests.unit.estoque.test_dominio.TestValidarSku" name="test_rejeita_skus_fora_do_padrao[]" time="0.001" /><testcase classname="tests.unit.estoque.test_dominio.TestValidarSku" name="test_rejeita_skus_fora_do_padrao[TEC_001]" time="0.001" /><testcase classname="tests.unit.estoque.test_dominio.TestValidarSku" name="test_rejeita_skus_fora_do_padrao[TEC 001]" time="0.001" /><testcase classname="tests.unit.estoque.test_dominio.TestValidarSku" name="test_rejeita_skus_fora_do_padrao[-TEC]" time="0.001" /><testcase classname="tests.unit.estoque.test_dominio.TestValidarSku" name="test_rejeita_skus_fora_do_padrao[T\xc9C-01]" time="0.001" /><testcase classname="tests.unit.estoque.test_dominio.TestValidarSku" name="test_rejeita_sku_que_nao_e_texto[None]" time="0.001" /><testcase classname="tests.unit.estoque.test_dominio.TestValidarSku" name="test_rejeita_sku_que_nao_e_texto[123]" time="0.001" /><testcase classname="tests.unit.estoque.test_dominio.TestValidarSku" name="test_rejeita_sku_que_nao_e_texto[valor2]" time="0.001" /><testcase classname="tests.unit.estoque.test_dominio.TestValidarNome" name="test_remove_espacos_das_pontas" time="0.001" /><testcase classname="tests.unit.estoque.test_dominio.TestValidarNome" name="test_aceita_nome_com_tamanho_maximo" time="0.001" /><testcase classname="tests.unit.estoque.test_dominio.TestValidarNome" name="test_rejeita_nome_acima_do_tamanho_maximo" time="0.001" /><testcase classname="tests.unit.estoque.test_dominio.TestValidarNome" name="test_rejeita_nome_vazio_ou_invalido[None]" time="0.001" /><testcase classname="tests.unit.estoque.test_dominio.TestValidarNome" name="test_rejeita_nome_vazio_ou_invalido[]" time="0.001" /><testcase classname="tests.unit.estoque.test_dominio.TestValidarNome" name="test_rejeita_nome_vazio_ou_invalido[   ]" time="0.001" /><testcase classname="tests.unit.estoque.test_dominio.TestValidarNome" name="test_rejeita_nome_vazio_ou_invalido[42]" time="0.001" /><testcase classname="tests.unit.estoque.test_dominio.TestValidarPreco" name="test_aceita_precos_validos_e_normaliza_duas_casas[10-esperado0]" time="0.001" /><testcase classname="tests.unit.estoque.test_dominio.TestValidarPreco" name="test_aceita_precos_validos_e_normaliza_duas_casas[10-esperado1]" time="0.002" /><testcase classname="tests.unit.estoque.test_dominio.TestValidarPreco" name="test_aceita_precos_validos_e_normaliza_duas_casas[10.5-esperado2]" time="0.001" /><testcase classname="tests.unit.estoque.test_dominio.TestValidarPreco" name="test_aceita_precos_validos_e_normaliza_duas_casas[entrada3-esperado3]" time="0.001" /><testcase classname="tests.unit.estoque.test_dominio.TestValidarPreco" name="test_aceita_precos_validos_e_normaliza_duas_casas[ 7.25 -esperado4]" time="0.001" /><testcase classname="tests.unit.estoque.test_dominio.TestValidarPreco" name="test_aceita_precos_validos_e_normaliza_duas_casas[0.01-esperado5]" time="0.001" /><testcase classname="tests.unit.estoque.test_dominio.TestValidarPreco" name="test_aceita_precos_validos_e_normaliza_duas_casas[1000000.00-esperado6]" time="0.001" /><testcase classname="tests.unit.estoque.test_dominio.TestValidarPreco" name="test_arredonda_meio_centavo_para_cima" time="0.001" /><testcase classname="tests.unit.estoque.test_dominio.TestValidarPreco" name="test_rejeita_preco_zero_ou_negativo[0]" time="0.001" /><testcase classname="tests.unit.estoque.test_dominio.TestValidarPreco" name="test_rejeita_preco_zero_ou_negativo[0.00]" time="0.001" /><testcase classname="tests.unit.estoque.test_dominio.TestValidarPreco" name="test_rejeita_preco_zero_ou_negativo[-1]" time="0.001" /><testcase classname="tests.unit.estoque.test_dominio.TestValidarPreco" name="test_rejeita_preco_zero_ou_negativo[0.004]" time="0.001" /><testcase classname="tests.unit.estoque.test_dominio.TestValidarPreco" name="test_rejeita_preco_acima_do_maximo" time="0.001" /><testcase classname="tests.unit.estoque.test_dominio.TestValidarPreco" name="test_rejeita_preco_nao_numerico[None]" time="0.001" /><testcase classname="tests.unit.estoque.test_dominio.TestValidarPreco" name="test_rejeita_preco_nao_numerico[True]" time="0.001" /><testcase classname="tests.unit.estoque.test_dominio.TestValidarPreco" name="test_rejeita_preco_nao_numerico[entrada2]" time="0.001" /><testcase classname="tests.unit.estoque.test_dominio.TestValidarPreco" name="test_rejeita_preco_nao_numerico[abc]" time="0.001" /><testcase classname="tests.unit.estoque.test_dominio.TestValidarPreco" name="test_rejeita_preco_nao_numerico[NaN]" time="0.001" /><testcase classname="tests.unit.estoque.test_dominio.TestValidarPreco" name="test_rejeita_preco_nao_numerico[Infinity]" time="0.001" /><testcase classname="tests.unit.estoque.test_dominio.TestValidarPreco" name="test_rejeita_preco_nao_numerico[]" time="0.001" /><testcase classname="tests.unit.estoque.test_dominio.TestValidarQuantidade" name="test_aceita_quantidades_dentro_do_intervalo[1]" time="0.001" /><testcase classname="tests.unit.estoque.test_dominio.TestValidarQuantidade" name="test_aceita_quantidades_dentro_do_intervalo[500]" time="0.001" /><testcase classname="tests.unit.estoque.test_dominio.TestValidarQuantidade" name="test_aceita_quantidades_dentro_do_intervalo[10000]" time="0.001" /><testcase classname="tests.unit.estoque.test_dominio.TestValidarQuantidade" name="test_rejeita_quantidades_fora_do_intervalo[0-no m\xednimo 1]" time="0.002" /><testcase classname="tests.unit.estoque.test_dominio.TestValidarQuantidade" name="test_rejeita_quantidades_fora_do_intervalo[-5-no m\xednimo 1]" time="0.001" /><testcase classname="tests.unit.estoque.test_dominio.TestValidarQuantidade" name="test_rejeita_quantidades_fora_do_intervalo[10001-no m\xe1ximo 10000]" time="0.002" /><testcase classname="tests.unit.estoque.test_dominio.TestValidarQuantidade" name="test_rejeita_quantidade_nao_inteira[True]" time="0.001" /><testcase classname="tests.unit.estoque.test_dominio.TestValidarQuantidade" name="test_rejeita_quantidade_nao_inteira[1.0]" time="0.001" /><testcase classname="tests.unit.estoque.test_dominio.TestValidarQuantidade" name="test_rejeita_quantidade_nao_inteira[5]" time="0.001" /><testcase classname="tests.unit.estoque.test_dominio.TestValidarQuantidade" name="test_rejeita_quantidade_nao_inteira[None]" time="0.001" /><testcase classname="tests.unit.estoque.test_dominio.TestValidarQuantidade" name="test_minimo_configuravel_aceita_zero_e_informa_o_campo" time="0.001" /><testcase classname="tests.unit.estoque.test_dominio.TestProduto" name="test_criar_com_dados_validos_normaliza_campos" time="0.001" /><testcase classname="tests.unit.estoque.test_dominio.TestProduto" name="test_criar_usa_zero_como_padrao_para_saldo_e_minimo" time="0.001" /><testcase classname="tests.unit.estoque.test_dominio.TestProduto" name="test_criar_rejeita_dados_que_nao_sao_objeto[None]" time="0.002" /><testcase classname="tests.unit.estoque.test_dominio.TestProduto" name="test_criar_rejeita_dados_que_nao_sao_objeto[dados1]" time="0.001" /><testcase classname="tests.unit.estoque.test_dominio.TestProduto" name="test_criar_rejeita_dados_que_nao_sao_objeto[texto]" time="0.001" /><testcase classname="tests.unit.estoque.test_dominio.TestProduto" name="test_precisa_reposicao_quando_saldo_menor_ou_igual_ao_minimo[2-True]" time="0.001" /><testcase classname="tests.unit.estoque.test_dominio.TestProduto" name="test_precisa_reposicao_quando_saldo_menor_ou_igual_ao_minimo[3-True]" time="0.001" /><testcase classname="tests.unit.estoque.test_dominio.TestProduto" name="test_precisa_reposicao_quando_saldo_menor_ou_igual_ao_minimo[4-False]" time="0.001" /><testcase classname="tests.unit.estoque.test_dominio.TestProduto" name="test_adicionar_incrementa_saldo" time="0.001" /><testcase classname="tests.unit.estoque.test_dominio.TestProduto" name="test_adicionar_ate_a_capacidade_maxima_e_permitido" time="0.001" /><testcase classname="tests.unit.estoque.test_dominio.TestProduto" name="test_adicionar_acima_da_capacidade_maxima_e_rejeitado_sem_alterar_saldo" time="0.001" /><testcase classname="tests.unit.estoque.test_dominio.TestProduto" name="test_remover_decrementa_saldo" time="0.001" /><testcase classname="tests.unit.estoque.test_dominio.TestProduto" name="test_remover_exatamente_o_saldo_zera_o_estoque" time="0.001" /><testcase classname="tests.unit.estoque.test_dominio.TestProduto" name="test_remover_mais_que_o_saldo_lanca_estoque_insuficiente" time="0.001" /><testcase classname="tests.unit.estoque.test_dominio.TestProduto" name="test_para_dict_serializa_preco_como_texto_com_duas_casas" time="0.001" /><testcase classname="tests.unit.estoque.test_dominio.TestExcecoes" name="test_excecoes_informam_codigo_e_mensagem" time="0.001" /><testcase classname="tests.unit.estoque.test_repositorio_e_servico.TestRepositorio" name="test_adicionar_e_obter_produto" time="0.001" /><testcase classname="tests.unit.estoque.test_repositorio_e_servico.TestRepositorio" name="test_adicionar_sku_duplicado_lanca_erro" time="0.001" /><testcase classname="tests.unit.estoque.test_repositorio_e_servico.TestRepositorio" name="test_obter_sku_inexistente_lanca_erro" time="0.001" /><testcase classname="tests.unit.estoque.test_repositorio_e_servico.TestRepositorio" name="test_listar_retorna_produtos_ordenados_por_sku" time="0.001" /><testcase classname="tests.unit.estoque.test_repositorio_e_servico.TestNormalizarItens" name="test_agrupa_skus_repetidos_somando_quantidades" time="0.001" /><testcase classname="tests.unit.estoque.test_repositorio_e_servico.TestNormalizarItens" name="test_rejeita_lista_vazia_ou_ausente[None]" time="0.001" /><testcase classname="tests.unit.estoque.test_repositorio_e_servico.TestNormalizarItens" name="test_rejeita_lista_vazia_ou_ausente[itens1]" time="0.001" /><testcase classname="tests.unit.estoque.test_repositorio_e_servico.TestNormalizarItens" name="test_rejeita_lista_vazia_ou_ausente[itens2]" time="0.001" /><testcase classname="tests.unit.estoque.test_repositorio_e_servico.TestNormalizarItens" name="test_rejeita_lista_vazia_ou_ausente[TEC-001]" time="0.001" /><testcase classname="tests.unit.estoque.test_repositorio_e_servico.TestNormalizarItens" name="test_aceita_lote_com_numero_maximo_de_itens" time="0.001" /><testcase classname="tests.unit.estoque.test_repositorio_e_servico.TestNormalizarItens" name="test_rejeita_lote_acima_do_numero_maximo_de_itens" time="0.002" /><testcase classname="tests.unit.estoque.test_repositorio_e_servico.TestNormalizarItens" name="test_rejeita_item_que_nao_e_objeto" time="0.001" /><testcase classname="tests.unit.estoque.test_repositorio_e_servico.TestNormalizarItens" name="test_rejeita_soma_agrupada_acima_do_limite_por_operacao" time="0.001" /><testcase classname="tests.unit.estoque.test_repositorio_e_servico.TestCadastroEConsulta" name="test_cadastrar_produto_o_torna_disponivel_na_listagem" time="0.001" /><testcase classname="tests.unit.estoque.test_repositorio_e_servico.TestCadastroEConsulta" name="test_cadastrar_sku_duplicado_com_outra_grafia_e_rejeitado" time="0.001" /><testcase classname="tests.unit.estoque.test_repositorio_e_servico.TestCadastroEConsulta" name="test_obter_normaliza_sku_informado" time="0.001" /><testcase classname="tests.unit.estoque.test_repositorio_e_servico.TestCadastroEConsulta" name="test_obter_com_sku_invalido_lanca_dados_invalidos" time="0.001" /><testcase classname="tests.unit.estoque.test_repositorio_e_servico.TestEntrada" name="test_registrar_entrada_incrementa_saldo" time="0.001" /><testcase classname="tests.unit.estoque.test_repositorio_e_servico.TestEntrada" name="test_registrar_entrada_com_quantidade_invalida_nao_altera_saldo[0]" time="0.001" /><testcase classname="tests.unit.estoque.test_repositorio_e_servico.TestEntrada" name="test_registrar_entrada_com_quantidade_invalida_nao_altera_saldo[-1]" time="0.001" /><testcase classname="tests.unit.estoque.test_repositorio_e_servico.TestEntrada" name="test_registrar_entrada_com_quantidade_invalida_nao_altera_saldo[3]" time="0.001" /><testcase classname="tests.unit.estoque.test_repositorio_e_servico.TestEntrada" name="test_registrar_entrada_com_quantidade_invalida_nao_altera_saldo[None]" time="0.001" /><testcase classname="tests.unit.estoque.test_repositorio_e_servico.TestEntrada" name="test_registrar_entrada_em_produto_inexistente" time="0.001" /><testcase classname="tests.unit.estoque.test_repositorio_e_servico.TestBaixa" name="test_baixa_retorna_nome_preco_e_saldo_restante" time="0.001" /><testcase classname="tests.unit.estoque.test_repositorio_e_servico.TestBaixa" name="test_baixa_de_todo_o_saldo_gera_alerta_de_reposicao" time="0.002" /><testcase classname="tests.unit.estoque.test_repositorio_e_servico.TestBaixa" name="test_baixa_e_atomica_quando_um_item_nao_tem_saldo" time="0.001" /><testcase classname="tests.unit.estoque.test_repositorio_e_servico.TestBaixa" name="test_baixa_e_atomica_quando_um_produto_nao_existe" time="0.001" /><testcase classname="tests.unit.estoque.test_repositorio_e_servico.TestBaixa" name="test_baixa_considera_soma_de_itens_repetidos" time="0.001" /><testcase classname="tests.unit.estoque.test_repositorio_e_servico.TestBaixa" name="test_baixas_concorrentes_nunca_deixam_saldo_negativo" time="0.020" /><testcase classname="tests.unit.estoque.test_repositorio_e_servico.TestDevolucao" name="test_devolucao_incrementa_saldos" time="0.001" /><testcase classname="tests.unit.estoque.test_repositorio_e_servico.TestDevolucao" name="test_devolucao_com_produto_inexistente_nao_altera_nada" time="0.001" /><testcase classname="tests.unit.estoque.test_repositorio_e_servico.TestDevolucao" name="test_devolucao_acima_da_capacidade_nao_altera_nada" time="0.001" /><testcase classname="tests.unit.estoque.test_repositorio_e_servico.TestReposicao" name="test_lista_apenas_produtos_com_saldo_ate_o_minimo" time="0.001" /><testcase classname="tests.unit.pedidos.test_api.TestSaude" name="test_health_informa_situacao_da_dependencia_estoque[True-ok]" time="0.009" /><testcase classname="tests.unit.pedidos.test_api.TestSaude" name="test_health_informa_situacao_da_dependencia_estoque[False-indisponivel]" time="0.008" /><testcase classname="tests.unit.pedidos.test_api.TestCatalogoApi" name="test_catalogo_retorna_produtos_do_estoque" time="0.007" /><testcase classname="tests.unit.pedidos.test_api.TestCatalogoApi" name="test_catalogo_com_estoque_fora_do_ar_retorna_503" time="0.007" /><testcase classname="tests.unit.pedidos.test_api.TestCriarPedidoApi" name="test_post_pedido_valido_retorna_201_com_totais" time="0.007" /><testcase classname="tests.unit.pedidos.test_api.TestCriarPedidoApi" name="test_post_pedido_invalido_retorna_400[corpo0]" time="0.007" /><testcase classname="tests.unit.pedidos.test_api.TestCriarPedidoApi" name="test_post_pedido_invalido_retorna_400[corpo1]" time="0.007" /><testcase classname="tests.unit.pedidos.test_api.TestCriarPedidoApi" name="test_post_pedido_invalido_retorna_400[None]" time="0.007" /><testcase classname="tests.unit.pedidos.test_api.TestCriarPedidoApi" name="test_recusas_do_estoque_viram_status_http_adequados[itens0-409-ESTOQUE_INSUFICIENTE]" time="0.009" /><testcase classname="tests.unit.pedidos.test_api.TestCriarPedidoApi" name="test_recusas_do_estoque_viram_status_http_adequados[itens1-422-PRODUTO_INEXISTENTE]" time="0.008" /><testcase classname="tests.unit.pedidos.test_api.TestCriarPedidoApi" name="test_estoque_indisponivel_retorna_503" time="0.007" /><testcase classname="tests.unit.pedidos.test_api.TestCriarPedidoApi" name="test_resposta_invalida_do_estoque_retorna_502" time="0.008" /><testcase classname="tests.unit.pedidos.test_api.TestConsultaECancelamentoApi" name="test_listar_e_consultar_pedido" time="0.009" /><testcase classname="tests.unit.pedidos.test_api.TestConsultaECancelamentoApi" name="test_consultar_pedido_inexistente_retorna_404" time="0.008" /><testcase classname="tests.unit.pedidos.test_api.TestConsultaECancelamentoApi" name="test_cancelar_pedido_retorna_200_e_segunda_vez_409" time="0.009" /><testcase classname="tests.unit.pedidos.test_api.TestErrosGenericos" name="test_rota_inexistente_e_metodo_nao_permitido_em_json" time="0.008" /><testcase classname="tests.unit.pedidos.test_api.TestErrosGenericos" name="test_erro_de_negocio_nao_mapeado_retorna_400" time="0.007" /><testcase classname="tests.unit.pedidos.test_api.TestConfiguracaoEInicializacao" name="test_servico_padrao_le_url_e_timeout_do_ambiente" time="0.001" /><testcase classname="tests.unit.pedidos.test_api.TestConfiguracaoEInicializacao" name="test_app_sem_servico_injetado_usa_configuracao_padrao" time="0.006" /><testcase classname="tests.unit.pedidos.test_api.TestConfiguracaoEInicializacao" name="test_main_usa_host_e_porta_das_variaveis_de_ambiente" time="0.007" /><testcase classname="tests.unit.pedidos.test_api.TestConfiguracaoEInicializacao" name="test_execucao_como_modulo_usa_porta_padrao_5002" time="0.006" /><testcase classname="tests.unit.pedidos.test_cli.TestCatalogo" name="test_catalogo_mostra_produtos_do_estoque" time="0.007" /><testcase classname="tests.unit.pedidos.test_cli.TestCatalogo" name="test_catalogo_vazio" time="0.006" /><testcase classname="tests.unit.pedidos.test_cli.TestCatalogo" name="test_catalogo_com_estoque_fora_do_ar" time="0.007" /><testcase classname="tests.unit.pedidos.test_cli.TestPedidos" name="test_criar_pedido_mostra_itens_desconto_e_total" time="0.007" /><testcase classname="tests.unit.pedidos.test_cli.TestPedidos" name="test_quantidade_invalida_ignora_item" time="0.007" /><testcase classname="tests.unit.pedidos.test_cli.TestPedidos" name="test_pedido_sem_saldo_e_recusado" time="0.007" /><testcase classname="tests.unit.pedidos.test_cli.TestPedidos" name="test_listar_pedidos" time="0.013" /><testcase classname="tests.unit.pedidos.test_cli.TestPedidos" name="test_cancelar_pedido" time="0.010" /><testcase classname="tests.unit.pedidos.test_cli.TestPedidos" name="test_cancelar_numero_invalido_ou_inexistente[abc-ERRO: informe o n\xfamero do pedido.]" time="0.006" /><testcase classname="tests.unit.pedidos.test_cli.TestPedidos" name="test_cancelar_numero_invalido_ou_inexistente[99-ERRO (HTTP 404): Pedido 99 n\xe3o encontrado.]" time="0.007" /><testcase classname="tests.unit.pedidos.test_cli.TestSituacaoEFalhas" name="test_situacao_dos_servicos[True-ok]" time="0.007" /><testcase classname="tests.unit.pedidos.test_cli.TestSituacaoEFalhas" name="test_situacao_dos_servicos[False-indisponivel]" time="0.007" /><testcase classname="tests.unit.pedidos.test_cli.TestSituacaoEFalhas" name="test_opcao_invalida_e_fim_de_entrada" time="0.006" /><testcase classname="tests.unit.pedidos.test_cli.TestSituacaoEFalhas" name="test_servidor_de_pedidos_fora_do_ar" time="0.002" /><testcase classname="tests.unit.pedidos.test_cli.TestFormatacaoEInicializacao" name="test_moeda_no_formato_brasileiro" time="0.001" /><testcase classname="tests.unit.pedidos.test_cli.TestFormatacaoEInicializacao" name="test_execucao_como_modulo_usa_url_do_ambiente" time="0.002" /><testcase classname="tests.unit.pedidos.test_cliente_estoque.TestConfiguracao" name="test_remove_barra_final_e_cria_sessao_padrao" time="0.001" /><testcase classname="tests.unit.pedidos.test_cliente_estoque.TestChamadasBemSucedidas" name="test_listar_produtos_faz_get_com_timeout" time="0.001" /><testcase classname="tests.unit.pedidos.test_cliente_estoque.TestChamadasBemSucedidas" name="test_baixar_envia_itens_e_converte_preco_para_decimal" time="0.002" /><testcase classname="tests.unit.pedidos.test_cliente_estoque.TestChamadasBemSucedidas" name="test_devolver_envia_post_de_devolucao" time="0.001" /><testcase classname="tests.unit.pedidos.test_cliente_estoque.TestChamadasBemSucedidas" name="test_esta_disponivel_quando_health_responde" time="0.001" /><testcase classname="tests.unit.pedidos.test_cliente_estoque.TestTraducaoDeErros" name="test_erros_de_negocio_do_estoque_viram_excecoes_do_pedido[409-ESTOQUE_INSUFICIENTE-EstoqueInsuficiente]" time="0.002" /><testcase classname="tests.unit.pedidos.test_cliente_estoque.TestTraducaoDeErros" name="test_erros_de_negocio_do_estoque_viram_excecoes_do_pedido[404-PRODUTO_NAO_ENCONTRADO-ProdutoInexistente]" time="0.002" /><testcase classname="tests.unit.pedidos.test_cliente_estoque.TestTraducaoDeErros" name="test_erros_de_negocio_do_estoque_viram_excecoes_do_pedido[400-DADOS_INVALIDOS-DadosInvalidos]" time="0.002" /><testcase classname="tests.unit.pedidos.test_cliente_estoque.TestTraducaoDeErros" name="test_erro_4xx_desconhecido_vira_resposta_invalida[dados0-M\xe9todo n\xe3o permitido]" time="0.004" /><testcase classname="tests.unit.pedidos.test_cliente_estoque.TestTraducaoDeErros" name="test_erro_4xx_desconhecido_vira_resposta_invalida[dados1-Erro HTTP 405]" time="0.004" /><testcase classname="tests.unit.pedidos.test_cliente_estoque.TestTraducaoDeErros" name="test_erro_5xx_indica_estoque_indisponivel[500]" time="0.002" /><testcase classname="tests.unit.pedidos.test_cliente_estoque.TestTraducaoDeErros" name="test_erro_5xx_indica_estoque_indisponivel[502]" time="0.002" /><testcase classname="tests.unit.pedidos.test_cliente_estoque.TestTraducaoDeErros" name="test_erro_5xx_indica_estoque_indisponivel[503]" time="0.002" /><testcase classname="tests.unit.pedidos.test_cliente_estoque.TestTraducaoDeErros" name="test_timeout_indica_estoque_indisponivel" time="0.002" /><testcase classname="tests.unit.pedidos.test_cliente_estoque.TestTraducaoDeErros" name="test_falha_de_conexao_indica_estoque_indisponivel" time="0.002" /><testcase classname="tests.unit.pedidos.test_cliente_estoque.TestTraducaoDeErros" name="test_resposta_que_nao_e_json_e_invalida" time="0.002" /><testcase classname="tests.unit.pedidos.test_cliente_estoque.TestTraducaoDeErros" name="test_catalogo_em_formato_inesperado_e_invalido" time="0.001" /><testcase classname="tests.unit.pedidos.test_cliente_estoque.TestTraducaoDeErros" name="test_resposta_de_baixa_com_contrato_violado_e_invalida[corpo0]" time="0.001" /><testcase classname="tests.unit.pedidos.test_cliente_estoque.TestTraducaoDeErros" name="test_resposta_de_baixa_com_contrato_violado_e_invalida[corpo1]" time="0.001" /><testcase classname="tests.unit.pedidos.test_cliente_estoque.TestTraducaoDeErros" name="test_resposta_de_baixa_com_contrato_violado_e_invalida[corpo2]" time="0.001" /><testcase classname="tests.unit.pedidos.test_cliente_estoque.TestTraducaoDeErros" name="test_resposta_de_baixa_com_contrato_violado_e_invalida[corpo3]" time="0.001" /><testcase classname="tests.unit.pedidos.test_cliente_estoque.TestTraducaoDeErros" name="test_resposta_de_baixa_com_contrato_violado_e_invalida[corpo4]" time="0.002" /><testcase classname="tests.unit.pedidos.test_cliente_estoque.TestTraducaoDeErros" name="test_esta_disponivel_retorna_falso_quando_estoque_falha" time="0.001" /><testcase classname="tests.unit.pedidos.test_dominio.TestDescontoProgressivo" name="test_desconto_por_faixa_de_subtotal[0.00-0-0.00]" time="0.001" /><testcase classname="tests.unit.pedidos.test_dominio.TestDescontoProgressivo" name="test_desconto_por_faixa_de_subtotal[499.99-0-0.00]" time="0.001" /><testcase classname="tests.unit.pedidos.test_dominio.TestDescontoProgressivo" name="test_desconto_por_faixa_de_subtotal[500.00-0.05-25.00]" time="0.001" /><testcase classname="tests.unit.pedidos.test_dominio.TestDescontoProgressivo" name="test_desconto_por_faixa_de_subtotal[999.99-0.05-50.00]" time="0.001" /><testcase classname="tests.unit.pedidos.test_dominio.TestDescontoProgressivo" name="test_desconto_por_faixa_de_subtotal[1000.00-0.10-100.00]" time="0.001" /><testcase classname="tests.unit.pedidos.test_dominio.TestDescontoProgressivo" name="test_desconto_por_faixa_de_subtotal[1234.56-0.10-123.46]" time="0.001" /><testcase classname="tests.unit.pedidos.test_dominio.TestValidarCliente" name="test_normaliza_espacos_internos_e_das_pontas" time="0.001" /><testcase classname="tests.unit.pedidos.test_dominio.TestValidarCliente" name="test_aceita_nomes_nos_limites[Ana]" time="0.001" /><testcase classname="tests.unit.pedidos.test_dominio.TestValidarCliente" name="test_aceita_nomes_nos_limites[AAAAAAAAAAAAAAAAAAAAAAAAAAAAAAAAAAAAAAAAAAAAAAAAAAAAAAAAAAAAAAAAAAAAAAAAAAAAAAAA]" time="0.001" /><testcase classname="tests.unit.pedidos.test_dominio.TestValidarCliente" name="test_rejeita_nomes_fora_dos_limites[Al]" time="0.001" /><testcase classname="tests.unit.pedidos.test_dominio.TestValidarCliente" name="test_rejeita_nomes_fora_dos_limites[AAAAAAAAAAAAAAAAAAAAAAAAAAAAAAAAAAAAAAAAAAAAAAAAAAAAAAAAAAAAAAAAAAAAAAAAAAAAAAAAA]" time="0.001" /><testcase classname="tests.unit.pedidos.test_dominio.TestValidarCliente" name="test_rejeita_cliente_ausente_ou_invalido[None]" time="0.001" /><testcase classname="tests.unit.pedidos.test_dominio.TestValidarCliente" name="test_rejeita_cliente_ausente_ou_invalido[]" time="0.001" /><testcase classname="tests.unit.pedidos.test_dominio.TestValidarCliente" name="test_rejeita_cliente_ausente_ou_invalido[    ]" time="0.001" /><testcase classname="tests.unit.pedidos.test_dominio.TestValidarCliente" name="test_rejeita_cliente_ausente_ou_invalido[123]" time="0.001" /><testcase classname="tests.unit.pedidos.test_dominio.TestValidarItens" name="test_validar_sku_normaliza_e_rejeita_invalidos" time="0.001" /><testcase classname="tests.unit.pedidos.test_dominio.TestValidarItens" name="test_quantidade_por_item_entre_1_e_100[0-False]" time="0.001" /><testcase classname="tests.unit.pedidos.test_dominio.TestValidarItens" name="test_quantidade_por_item_entre_1_e_100[1-True]" time="0.001" /><testcase classname="tests.unit.pedidos.test_dominio.TestValidarItens" name="test_quantidade_por_item_entre_1_e_100[100-True]" time="0.001" /><testcase classname="tests.unit.pedidos.test_dominio.TestValidarItens" name="test_quantidade_por_item_entre_1_e_100[101-False]" time="0.001" /><testcase classname="tests.unit.pedidos.test_dominio.TestValidarItens" name="test_quantidade_deve_ser_inteira[True]" time="0.001" /><testcase classname="tests.unit.pedidos.test_dominio.TestValidarItens" name="test_quantidade_deve_ser_inteira[2.0]" time="0.001" /><testcase classname="tests.unit.pedidos.test_dominio.TestValidarItens" name="test_quantidade_deve_ser_inteira[2]" time="0.001" /><testcase classname="tests.unit.pedidos.test_dominio.TestValidarItens" name="test_quantidade_deve_ser_inteira[None]" time="0.001" /><testcase classname="tests.unit.pedidos.test_dominio.TestValidarItens" name="test_agrupa_itens_repetidos_mantendo_ordem" time="0.001" /><testcase classname="tests.unit.pedidos.test_dominio.TestValidarItens" name="test_rejeita_soma_de_itens_repetidos_acima_de_100" time="0.001" /><testcase classname="tests.unit.pedidos.test_dominio.TestValidarItens" name="test_aceita_ate_20_produtos_distintos" time="0.001" /><testcase classname="tests.unit.pedidos.test_dominio.TestValidarItens" name="test_rejeita_21_produtos_distintos" time="0.001" /><testcase classname="tests.unit.pedidos.test_dominio.TestValidarItens" name="test_rejeita_pedido_sem_itens[None]" time="0.001" /><testcase classname="tests.unit.pedidos.test_dominio.TestValidarItens" name="test_rejeita_pedido_sem_itens[itens1]" time="0.001" /><testcase classname="tests.unit.pedidos.test_dominio.TestValidarItens" name="test_rejeita_pedido_sem_itens[itens2]" time="0.001" /><testcase classname="tests.unit.pedidos.test_dominio.TestValidarItens" name="test_rejeita_pedido_sem_itens[TEC-001]" time="0.001" /><testcase classname="tests.unit.pedidos.test_dominio.TestValidarItens" name="test_rejeita_item_que_nao_e_objeto" time="0.001" /><testcase classname="tests.unit.pedidos.test_dominio.TestValidarItens" name="test_validar_solicitacao_retorna_cliente_e_itens" time="0.001" /><testcase classname="tests.unit.pedidos.test_dominio.TestValidarItens" name="test_validar_solicitacao_rejeita_corpo_que_nao_e_objeto[None]" time="0.001" /><testcase classname="tests.unit.pedidos.test_dominio.TestValidarItens" name="test_validar_solicitacao_rejeita_corpo_que_nao_e_objeto[dados1]" time="0.001" /><testcase classname="tests.unit.pedidos.test_dominio.TestValidarItens" name="test_validar_solicitacao_rejeita_corpo_que_nao_e_objeto[pedido]" time="0.001" /><testcase classname="tests.unit.pedidos.test_dominio.TestPedido" name="test_item_calcula_total_e_serializa" time="0.001" /><testcase classname="tests.unit.pedidos.test_dominio.TestPedido" name="test_totais_sem_desconto" time="0.001" /><testcase classname="tests.unit.pedidos.test_dominio.TestPedido" name="test_totais_com_desconto_de_5_por_cento" time="0.001" /><testcase classname="tests.unit.pedidos.test_dominio.TestPedido" name="test_totais_com_desconto_de_10_por_cento" time="0.001" /><testcase classname="tests.unit.pedidos.test_dominio.TestPedido" name="test_pedido_novo_nasce_confirmado_e_serializa" time="0.001" /><testcase classname="tests.unit.pedidos.test_dominio.TestPedido" name="test_cancelar_pedido_confirmado_registra_data" time="0.001" /><testcase classname="tests.unit.pedidos.test_dominio.TestPedido" name="test_cancelar_sem_momento_usa_relogio_atual" time="0.001" /><testcase classname="tests.unit.pedidos.test_dominio.TestPedido" name="test_cancelar_pedido_ja_cancelado_e_transicao_invalida" time="0.001" /><testcase classname="tests.unit.pedidos.test_dominio.TestPedido" name="test_pedido_nao_encontrado_informa_id" time="0.001" /><testcase classname="tests.unit.pedidos.test_servico_e_repositorio.TestRepositorioPedidos" name="test_ids_sao_sequenciais_e_listagem_e_do_mais_recente" time="0.002" /><testcase classname="tests.unit.pedidos.test_servico_e_repositorio.TestRepositorioPedidos" name="test_obter_id_inexistente_lanca_erro" time="0.001" /><testcase classname="tests.unit.pedidos.test_servico_e_repositorio.TestCriarPedido" name="test_cria_pedido_confirmado_com_preco_vindo_do_estoque" time="0.002" /><testcase classname="tests.unit.pedidos.test_servico_e_repositorio.TestCriarPedido" name="test_envia_ao_estoque_itens_normalizados_e_agrupados" time="0.004" /><testcase classname="tests.unit.pedidos.test_servico_e_repositorio.TestCriarPedido" name="test_dados_invalidos_nao_chegam_ao_estoque" time="0.003" /><testcase classname="tests.unit.pedidos.test_servico_e_repositorio.TestCriarPedido" name="test_recusa_do_estoque_nao_gera_pedido[itens0-EstoqueInsuficiente]" time="0.002" /><testcase classname="tests.unit.pedidos.test_servico_e_repositorio.TestCriarPedido" name="test_recusa_do_estoque_nao_gera_pedido[itens1-ProdutoInexistente]" time="0.002" /><testcase classname="tests.unit.pedidos.test_servico_e_repositorio.TestCriarPedido" name="test_estoque_indisponivel_nao_gera_pedido" time="0.002" /><testcase classname="tests.unit.pedidos.test_servico_e_repositorio.TestConsultas" name="test_listar_e_obter_pedidos" time="0.002" /><testcase classname="tests.unit.pedidos.test_servico_e_repositorio.TestConsultas" name="test_obter_pedido_inexistente" time="0.002" /><testcase classname="tests.unit.pedidos.test_servico_e_repositorio.TestConsultas" name="test_catalogo_e_saude_delegam_ao_estoque" time="0.002" /><testcase classname="tests.unit.pedidos.test_servico_e_repositorio.TestCancelarPedido" name="test_cancelamento_devolve_itens_e_marca_cancelado" time="0.002" /><testcase classname="tests.unit.pedidos.test_servico_e_repositorio.TestCancelarPedido" name="test_cancelar_duas_vezes_nao_devolve_em_dobro" time="0.001" /><testcase classname="tests.unit.pedidos.test_servico_e_repositorio.TestCancelarPedido" name="test_estoque_indisponivel_mantem_pedido_confirmado" time="0.001" /><testcase classname="tests.unit.pedidos.test_servico_e_repositorio.TestCancelarPedido" name="test_cancelar_pedido_inexistente_nao_chama_estoque" time="0.001" /></testsuite></testsuites>